Microsoft HTML Help Compiler 4.74.8702

Compiling d:\scripts\FIM Object Visualizer\HTML\CHM\FIM.chm

..\ActiveSchema.htm
..\CSO.Entitlements.htm
..\CSO.Groups.htm
..\CSO.Roles.htm
..\CSO.Users.htm
..\EventBroker.Agents.htm
..\EventBroker.Operations.htm
..\EventBroker.Other.htm
..\FIMMA.Schema.htm
..\ManagementAgentAttributes.htm
..\ManagementAgents.htm
..\MetaverseSchema.htm
..\ProvisioningPolicy.htm
..\Replication.htm
..\UNIFY.Configuration.htm
..\UNIFY.EventBroker.htm
..\UNIFY.Housekeeping.htm
..\UNIFY.MPRs.htm
..\UNIFY.Schema.htm
..\UNIFY.SearchScopes.htm
..\UNIFY.Sets.htm
..\UNIFY.SyncRules.htm
..\UNIFY.Workflow.htm
..\Index.htm
..\CAPS Payroll.htm
..\CAPS.htm
..\Contacts.htm
..\CSO ADS.htm
..\FIM Portal.htm
HHC3004: Warning: metaverse.htm : The HTML tag "?xml version="1.0" encoding="utf-8"?" is not a valid HTML tag (it does not begin with an alphanumeric character).
..\metaverse.htm
..\NASS.htm
..\PHRIS.htm
..\Replay FIM Portal.htm
..\SAS2IDM.htm
..\Site.htm
..\Staff.htm
..\Users and Groups.htm
..\AdapterEngine.Extensibility.Config.htm
..\ConnectorEngine.Extensibility.Config.htm
..\Other.Extensibility.Config.htm
..\IdentityBroker.Agents.htm
Table of Contents.hhc
Index.hhk
..\CSODBB LDS.htm
..\CSODBB.home2.png

Compile time: 0 minutes, 22 seconds
85	Topics
126	Local links
0	Internet links
1	Graphic


Created d:\scripts\FIM Object Visualizer\HTML\CHM\FIM.chm, 1,338,451 bytes
Compression decreased file by 18,356,177 bytes.
