Microsoft HTML Help Compiler 4.74.8702

Compiling e:\Scripts\FIM Object Visualizer\HTML\CHM\FIM.chm

..\ActiveSchema.htm
..\CSO.Entitlements.htm
..\CSO.Groups.htm
..\CSO.Roles.htm
..\CSO.Users.htm
..\EventBroker.Agents.htm
..\EventBroker.Operations.htm
..\EventBroker.Other.htm
..\FIMMA.Schema.htm
..\ManagementAgentAttributes.htm
..\ManagementAgents.htm
..\MetaverseSchema.htm
..\ProvisioningPolicy.htm
..\Replication.htm
..\UNIFY.Configuration.htm
..\UNIFY.EventBroker.htm
..\UNIFY.Housekeeping.htm
..\UNIFY.MPRs.htm
..\UNIFY.Schema.htm
..\UNIFY.SearchScopes.htm
..\UNIFY.Sets.htm
..\UNIFY.SyncRules.htm
..\UNIFY.Workflow.htm
..\Index.htm
..\CSO ADS.01f90709-b6de-45c8-a6c0-30f86eaaba47.htm
..\NASS MA.6d0dbca1-e66d-4759-8507-d0c45c490c37.htm
..\CAPS MA.6f29ef70-fa2f-4408-a52a-1b7181a5b54a.htm
..\FIM MA.3721f946-1257-47dc-88a6-c3f2b9e4834c.htm
HHC3004: Warning: metaverse.d09032a4-c337-4ef3-b92b-71c56e899726.htm : The HTML tag "?xml version="1.0" encoding="utf-8"?" is not a valid HTML tag (it does not begin with an alphanumeric character).
..\metaverse.d09032a4-c337-4ef3-b92b-71c56e899726.htm
..\Replay FIM MA.0c9e7add-7c8c-4c38-9913-be606e53a0cd.htm
..\Site MA.d352bab1-b5f3-4b73-8578-17055876fca5.htm
..\UNIFYFIM AD.4dec2743-0a1c-476e-9d13-59b6335751fc.htm
..\PHRIS MA.34f98e71-0b5b-4fee-8159-e3980f4e7e7f.htm
Table of Contents.hhc
Index.hhk
..\CSODBB.home2.png

Compile time: 0 minutes, 6 seconds
67	Topics
108	Local links
0	Internet links
1	Graphic


Created e:\Scripts\FIM Object Visualizer\HTML\CHM\FIM.chm, 667,569 bytes
Compression decreased file by 6,319,172 bytes.
